 
:: initializing oneAPI environment ...
   slurm_script: BASH_VERSION = 4.2.46(2)-release
:: advisor -- latest
:: ccl -- latest
:: clck -- latest
:: compiler -- latest
:: dal -- latest
:: debugger -- latest
:: dev-utilities -- latest
:: dnnl -- latest
:: dpcpp-ct -- latest
:: dpl -- latest
:: inspector -- latest
:: intelpython -- latest
:: ipp -- latest
:: ippcp -- latest
:: ipp -- latest
:: itac -- latest
:: mkl -- latest
:: mpi -- latest
:: tbb -- latest
:: vpl -- latest
:: vtune -- latest
:: oneAPI environment initialized ::
 
Processing directory ../work_dir/dataset/raw/0
Processing directory ../work_dir/dataset/raw/1
Processing directory ../work_dir/dataset/raw/2
Processing directory ../work_dir/dataset/raw/3
Processing directory ../work_dir/dataset/raw/4
Processing directory ../work_dir/dataset/raw/5
Processing directory ../work_dir/dataset/raw/6
Processing directory ../work_dir/dataset/raw/7
Processing directory ../work_dir/dataset/raw/8
Processing directory ../work_dir/dataset/raw/9
Processing directory ../work_dir/dataset/raw/10
Processing directory ../work_dir/dataset/raw/11
Processing directory ../work_dir/dataset/raw/12
Processing directory ../work_dir/dataset/raw/13
Processing directory ../work_dir/dataset/raw/14
Processing directory ../work_dir/dataset/raw/15
Processing directory ../work_dir/dataset/raw/16
Processing directory ../work_dir/dataset/raw/17
Processing directory ../work_dir/dataset/raw/18
Processing directory ../work_dir/dataset/raw/19
Processing directory ../work_dir/dataset/raw/20
Processing directory ../work_dir/dataset/raw/21
Processing directory ../work_dir/dataset/raw/22
Processing directory ../work_dir/dataset/raw/23
Processing directory ../work_dir/dataset/raw/24
Processing directory ../work_dir/dataset/raw/25
Processing directory ../work_dir/dataset/raw/26
Processing directory ../work_dir/dataset/raw/27
Processing directory ../work_dir/dataset/raw/28
Processing directory ../work_dir/dataset/raw/29
Processing directory ../work_dir/dataset/raw/30
Processing directory ../work_dir/dataset/raw/31
Processing directory ../work_dir/dataset/raw/32
Processing directory ../work_dir/dataset/raw/33
Processing directory ../work_dir/dataset/raw/34
Processing directory ../work_dir/dataset/raw/35
Processing directory ../work_dir/dataset/raw/36
Processing directory ../work_dir/dataset/raw/37
Processing directory ../work_dir/dataset/raw/38
Processing directory ../work_dir/dataset/raw/39
Processing directory ../work_dir/dataset/raw/40
Processing directory ../work_dir/dataset/raw/41
Processing directory ../work_dir/dataset/raw/42
Processing directory ../work_dir/dataset/raw/43
Processing directory ../work_dir/dataset/raw/44
Processing directory ../work_dir/dataset/raw/45
Processing directory ../work_dir/dataset/raw/46
Processing directory ../work_dir/dataset/raw/47
Processing directory ../work_dir/dataset/raw/48
Processing directory ../work_dir/dataset/raw/49
Processing directory ../work_dir/dataset/raw/50
Processing directory ../work_dir/dataset/raw/51
Processing directory ../work_dir/dataset/raw/52
Processing directory ../work_dir/dataset/raw/53
Processing directory ../work_dir/dataset/raw/54
Processing directory ../work_dir/dataset/raw/55
Processing directory ../work_dir/dataset/raw/56
Processing directory ../work_dir/dataset/raw/57
Processing directory ../work_dir/dataset/raw/58
Processing directory ../work_dir/dataset/raw/59
Processing directory ../work_dir/dataset/raw/60
Processing directory ../work_dir/dataset/raw/61
Processing directory ../work_dir/dataset/raw/62
Processing directory ../work_dir/dataset/raw/63
Processing directory ../work_dir/dataset/raw/64
Processing directory ../work_dir/dataset/raw/65
Processing directory ../work_dir/dataset/raw/66
Processing directory ../work_dir/dataset/raw/67
Processing directory ../work_dir/dataset/raw/68
Processing directory ../work_dir/dataset/raw/69
Processing directory ../work_dir/dataset/raw/70
Processing directory ../work_dir/dataset/raw/71
Processing directory ../work_dir/dataset/raw/72
Processing directory ../work_dir/dataset/raw/73
Processing directory ../work_dir/dataset/raw/74
Processing directory ../work_dir/dataset/raw/75
Processing directory ../work_dir/dataset/raw/76
Processing directory ../work_dir/dataset/raw/77
Processing directory ../work_dir/dataset/raw/78
Processing directory ../work_dir/dataset/raw/79
Processing directory ../work_dir/dataset/raw/80
All tasks completed.
