 
:: initializing oneAPI environment ...
   slurm_script: BASH_VERSION = 4.2.46(2)-release
:: advisor -- latest
:: ccl -- latest
:: clck -- latest
:: compiler -- latest
:: dal -- latest
:: debugger -- latest
:: dev-utilities -- latest
:: dnnl -- latest
:: dpcpp-ct -- latest
:: dpl -- latest
:: inspector -- latest
:: intelpython -- latest
:: ipp -- latest
:: ippcp -- latest
:: ipp -- latest
:: itac -- latest
:: mkl -- latest
:: mpi -- latest
:: tbb -- latest
:: vpl -- latest
:: vtune -- latest
:: oneAPI environment initialized ::
 
Job starting at: Sat Jun 22 14:47:59 EDT 2024
User config name: ['inference.ini']

~~~~~~~ 1.parse_Overlap


~~~~~~~ 2.get_local_coordinate


~~~~~~~ 3.get_pred_Hamiltonian


~~~~~~~ 4.rotate_back


~~~~~~~ 5.sparse_calc, command: 
/home/t.hsu/julia-1.6.6/bin/julia /home/t.hsu/miniconda3/envs/minideeph/lib/python3.9/site-packages/deeph/inference/sparse_calc.jl --input_dir /home/t.hsu/example2/work_dir/inference/5_4 --output_dir /home/t.hsu/example2/work_dir/inference/5_4 --config /home/t.hsu/example2/work_dir/inference/5_4/band.json


####### Begin 1.parse_Overlap
Found 244 atoms

******* Finish 1.parse_Overlap, cost 4 seconds


####### Begin 2.get_local_coordinate

******* Finish 2.get_local_coordinate, cost 4 seconds


####### Begin 3.get_pred_Hamiltonian
/home/t.hsu/example2/work_dir/inference/5_4/band.json
Time for reading h5: 7.615170001983643s
Time for constructing sparse matrix in the format of COO: 11.666290998458862s
Time for converting to the format of CSC: 0.7182431221008301s
Time for No.1 matrix factorization: 5.975211143493652s
Time for solving No.1 eigenvalues at k = [0.3333333333333333, 0.6666666666666667, 0.0]: 27.689236164093018s
Time for No.2 matrix factorization: 31.983744144439697s
Time for solving No.2 eigenvalues at k = [0.3157894736842105, 0.6315789473684211, 0.0]: 51.53372812271118s
Time for No.3 matrix factorization: 55.586135149002075s
Time for solving No.3 eigenvalues at k = [0.2982456140350877, 0.5964912280701755, 0.0]: 74.57693099975586s
Time for No.4 matrix factorization: 78.76247000694275s
Time for solving No.4 eigenvalues at k = [0.2807017543859649, 0.5614035087719299, 0.0]: 97.62146997451782s
Time for No.5 matrix factorization: 102.02004218101501s
Time for solving No.5 eigenvalues at k = [0.2631578947368421, 0.5263157894736843, 0.0]: 120.2207579612732s
Time for No.6 matrix factorization: 124.37139916419983s
Time for solving No.6 eigenvalues at k = [0.2456140350877193, 0.4912280701754387, 0.0]: 144.22562909126282s
Time for No.7 matrix factorization: 148.2931079864502s
Time for solving No.7 eigenvalues at k = [0.22807017543859648, 0.45614035087719307, 0.0]: 164.99456310272217s
Time for No.8 matrix factorization: 169.3636450767517s
Time for solving No.8 eigenvalues at k = [0.21052631578947367, 0.4210526315789474, 0.0]: 186.21223711967468s
Time for No.9 matrix factorization: 190.21811604499817s
Time for solving No.9 eigenvalues at k = [0.19298245614035087, 0.3859649122807018, 0.0]: 207.17128109931946s
Time for No.10 matrix factorization: 211.55900406837463s
Time for solving No.10 eigenvalues at k = [0.1754385964912281, 0.35087719298245623, 0.0]: 228.02969813346863s
Time for No.11 matrix factorization: 232.08451104164124s
Time for solving No.11 eigenvalues at k = [0.15789473684210525, 0.31578947368421056, 0.0]: 249.03278398513794s
Time for No.12 matrix factorization: 253.37273812294006s
Time for solving No.12 eigenvalues at k = [0.14035087719298245, 0.28070175438596495, 0.0]: 267.29606199264526s
Time for No.13 matrix factorization: 271.4145040512085s
Time for solving No.13 eigenvalues at k = [0.12280701754385966, 0.24561403508771934, 0.0]: 286.1161551475525s
Time for No.14 matrix factorization: 290.22443413734436s
Time for solving No.14 eigenvalues at k = [0.10526315789473684, 0.2105263157894737, 0.0]: 304.467276096344s
Time for No.15 matrix factorization: 309.057373046875s
Time for solving No.15 eigenvalues at k = [0.08771929824561404, 0.17543859649122812, 0.0]: 323.43288016319275s
Time for No.16 matrix factorization: 327.74814009666443s
Time for solving No.16 eigenvalues at k = [0.07017543859649122, 0.14035087719298248, 0.0]: 342.1747109889984s
Time for No.17 matrix factorization: 346.25662899017334s
Time for solving No.17 eigenvalues at k = [0.05263157894736843, 0.10526315789473689, 0.0]: 360.46482515335083s
Time for No.18 matrix factorization: 364.4666440486908s
Time for solving No.18 eigenvalues at k = [0.03508771929824561, 0.07017543859649124, 0.0]: 379.0113570690155s
Time for No.19 matrix factorization: 383.4717161655426s
Time for solving No.19 eigenvalues at k = [0.017543859649122823, 0.035087719298245654, 0.0]: 400.169979095459s
Time for No.20 matrix factorization: 404.2363181114197s
Time for solving No.20 eigenvalues at k = [0.0, 0.0, 0.0]: 420.60109996795654s
Time for No.21 matrix factorization: 424.69808316230774s
Time for solving No.21 eigenvalues at k = [0.0, 0.0, 0.0]: 440.9302520751953s
Time for No.22 matrix factorization: 445.1144871711731s
Time for solving No.22 eigenvalues at k = [0.02631578947368421, 0.02631578947368421, 0.0]: 461.6308841705322s
Time for No.23 matrix factorization: 465.9538400173187s
Time for solving No.23 eigenvalues at k = [0.05263157894736842, 0.05263157894736842, 0.0]: 480.67915296554565s
Time for No.24 matrix factorization: 484.9760830402374s
Time for solving No.24 eigenvalues at k = [0.07894736842105263, 0.07894736842105263, 0.0]: 499.4196410179138s
Time for No.25 matrix factorization: 503.4246690273285s
Time for solving No.25 eigenvalues at k = [0.10526315789473684, 0.10526315789473684, 0.0]: 518.169191122055s
Time for No.26 matrix factorization: 522.2275769710541s
Time for solving No.26 eigenvalues at k = [0.13157894736842105, 0.13157894736842105, 0.0]: 537.2087001800537s
Time for No.27 matrix factorization: 541.7925231456757s
Time for solving No.27 eigenvalues at k = [0.15789473684210525, 0.15789473684210525, 0.0]: 557.1035351753235s
Time for No.28 matrix factorization: 561.3602299690247s
Time for solving No.28 eigenvalues at k = [0.18421052631578946, 0.18421052631578946, 0.0]: 575.7767341136932s
Time for No.29 matrix factorization: 579.8869700431824s
Time for solving No.29 eigenvalues at k = [0.21052631578947367, 0.21052631578947367, 0.0]: 593.7742719650269s
Time for No.30 matrix factorization: 597.7883741855621s
Time for solving No.30 eigenvalues at k = [0.23684210526315788, 0.23684210526315788, 0.0]: 612.4682290554047s
Time for No.31 matrix factorization: 616.8978080749512s
Time for solving No.31 eigenvalues at k = [0.2631578947368421, 0.2631578947368421, 0.0]: 633.6704361438751s
Time for No.32 matrix factorization: 637.9366121292114s
Time for solving No.32 eigenvalues at k = [0.2894736842105263, 0.2894736842105263, 0.0]: 654.4288091659546s
Time for No.33 matrix factorization: 658.5114991664886s
Time for solving No.33 eigenvalues at k = [0.3157894736842105, 0.3157894736842105, 0.0]: 675.1427340507507s
Time for No.34 matrix factorization: 679.5004191398621s
Time for solving No.34 eigenvalues at k = [0.34210526315789475, 0.34210526315789475, 0.0]: 699.0975480079651s
Time for No.35 matrix factorization: 703.0542969703674s
Time for solving No.35 eigenvalues at k = [0.3684210526315789, 0.3684210526315789, 0.0]: 722.0661201477051s
Time for No.36 matrix factorization: 726.151575088501s
Time for solving No.36 eigenvalues at k = [0.39473684210526316, 0.39473684210526316, 0.0]: 747.3607180118561s
Time for No.37 matrix factorization: 751.2369711399078s
Time for solving No.37 eigenvalues at k = [0.42105263157894735, 0.42105263157894735, 0.0]: 768.1689710617065s
Time for No.38 matrix factorization: 772.3927381038666s
Time for solving No.38 eigenvalues at k = [0.4473684210526316, 0.4473684210526316, 0.0]: 789.206995010376s
Time for No.39 matrix factorization: 793.2354619503021s
Time for solving No.39 eigenvalues at k = [0.47368421052631576, 0.47368421052631576, 0.0]: 811.935839176178s
Time for No.40 matrix factorization: 815.9788990020752s
Time for solving No.40 eigenvalues at k = [0.5, 0.5, 0.0]: 836.0849931240082s
Time for No.41 matrix factorization: 840.2215900421143s
Time for solving No.41 eigenvalues at k = [0.5, 0.5, 0.0]: 857.4253780841827s
Time for No.42 matrix factorization: 861.5775740146637s
Time for solving No.42 eigenvalues at k = [0.511904761904762, 0.48809523809523814, 0.0]: 878.4060060977936s
Time for No.43 matrix factorization: 882.4689919948578s
Time for solving No.43 eigenvalues at k = [0.5238095238095238, 0.4761904761904762, 0.0]: 901.8800799846649s
Time for No.44 matrix factorization: 905.8901751041412s
Time for solving No.44 eigenvalues at k = [0.5357142857142857, 0.4642857142857143, 0.0]: 924.6963880062103s
Time for No.45 matrix factorization: 928.6084091663361s
Time for solving No.45 eigenvalues at k = [0.5476190476190477, 0.4523809523809524, 0.0]: 950.2613379955292s
Time for No.46 matrix factorization: 954.2918450832367s
Time for solving No.46 eigenvalues at k = [0.5595238095238095, 0.44047619047619047, 0.0]: 973.5590841770172s
Time for No.47 matrix factorization: 977.5469670295715s
Time for solving No.47 eigenvalues at k = [0.5714285714285714, 0.42857142857142855, 0.0]: 998.7956659793854s
Time for No.48 matrix factorization: 1002.7853870391846s
Time for solving No.48 eigenvalues at k = [0.5833333333333334, 0.41666666666666663, 0.0]: 1022.011862039566s
Time for No.49 matrix factorization: 1026.0742871761322s
Time for solving No.49 eigenvalues at k = [0.5952380952380953, 0.40476190476190477, 0.0]: 1047.7871069908142s
Time for No.50 matrix factorization: 1052.0207850933075s
Time for solving No.50 eigenvalues at k = [0.6071428571428572, 0.39285714285714285, 0.0]: 1072.7455661296844s
Time for No.51 matrix factorization: 1076.6498260498047s
Time for solving No.51 eigenvalues at k = [0.6190476190476191, 0.38095238095238093, 0.0]: 1098.0417339801788s
Time for No.52 matrix factorization: 1102.1250700950623s
Time for solving No.52 eigenvalues at k = [0.6309523809523809, 0.369047619047619, 0.0]: 1123.2571120262146s
Time for No.53 matrix factorization: 1127.1003980636597s
Time for solving No.53 eigenvalues at k = [0.642857142857143, 0.35714285714285715, 0.0]: 1145.4453880786896s
Time for No.54 matrix factorization: 1149.4894361495972s
Time for solving No.54 eigenvalues at k = [0.6547619047619049, 0.34523809523809523, 0.0]: 1168.656455039978s
Time for No.55 matrix factorization: 1172.7638981342316s
Time for solving No.55 eigenvalues at k = [0.6666666666666667, 0.3333333333333333, 0.0]: 1192.003870010376s
/home/t.hsu/miniconda3/envs/minideeph/lib/python3.9/site-packages/deeph/kernel.py:53: UserWarning: Unable to copy scripts
  warnings.warn("Unable to copy scripts")
====== CONFIG ======
[basic]
graph_dir=/home/t.hsu/example2/work_dir/dataset/graph
save_dir=/home/t.hsu/example2/work_dir/inference/5_4/pred_ham_std
raw_dir=/home/t.hsu/example2/work_dir/dataset/processed
dataset_name=Bi_soc
only_get_graph=False
interface=h5
target=hamiltonian
disable_cuda=True
device=cpu
num_threads=64
save_to_time_folder=False
save_csv=False
tb_writer=False
seed=42
multiprocessing=0
orbital=[{"83 83": [0, 0]}, {"83 83": [0, 1]}, {"83 83": [0, 2]}, {"83 83": [0, 3]}, {"83 83": [0, 4]}, {"83 83": [0, 5]}, {"83 83": [0, 6]}, {"83 83": [0, 7]}, {"83 83": [0, 8]}, {"83 83": [0, 9]}, {"83 83": [0, 10]}, {"83 83": [0, 11]}, {"83 83": [0, 12]}, {"83 83": [0, 13]}, {"83 83": [0, 14]}, {"83 83": [0, 15]}, {"83 83": [0, 16]}, {"83 83": [0, 17]}, {"83 83": [0, 18]}, {"83 83": [1, 0]}, {"83 83": [1, 1]}, {"83 83": [1, 2]}, {"83 83": [1, 3]}, {"83 83": [1, 4]}, {"83 83": [1, 5]}, {"83 83": [1, 6]}, {"83 83": [1, 7]}, {"83 83": [1, 8]}, {"83 83": [1, 9]}, {"83 83": [1, 10]}, {"83 83": [1, 11]}, {"83 83": [1, 12]}, {"83 83": [1, 13]}, {"83 83": [1, 14]}, {"83 83": [1, 15]}, {"83 83": [1, 16]}, {"83 83": [1, 17]}, {"83 83": [1, 18]}, {"83 83": [2, 0]}, {"83 83": [2, 1]}, {"83 83": [2, 2]}, {"83 83": [2, 3]}, {"83 83": [2, 4]}, {"83 83": [2, 5]}, {"83 83": [2, 6]}, {"83 83": [2, 7]}, {"83 83": [2, 8]}, {"83 83": [2, 9]}, {"83 83": [2, 10]}, {"83 83": [2, 11]}, {"83 83": [2, 12]}, {"83 83": [2, 13]}, {"83 83": [2, 14]}, {"83 83": [2, 15]}, {"83 83": [2, 16]}, {"83 83": [2, 17]}, {"83 83": [2, 18]}, {"83 83": [3, 0]}, {"83 83": [3, 1]}, {"83 83": [3, 2]}, {"83 83": [3, 3]}, {"83 83": [3, 4]}, {"83 83": [3, 5]}, {"83 83": [3, 6]}, {"83 83": [3, 7]}, {"83 83": [3, 8]}, {"83 83": [3, 9]}, {"83 83": [3, 10]}, {"83 83": [3, 11]}, {"83 83": [3, 12]}, {"83 83": [3, 13]}, {"83 83": [3, 14]}, {"83 83": [3, 15]}, {"83 83": [3, 16]}, {"83 83": [3, 17]}, {"83 83": [3, 18]}, {"83 83": [4, 0]}, {"83 83": [4, 1]}, {"83 83": [4, 2]}, {"83 83": [4, 3]}, {"83 83": [4, 4]}, {"83 83": [4, 5]}, {"83 83": [4, 6]}, {"83 83": [4, 7]}, {"83 83": [4, 8]}, {"83 83": [4, 9]}, {"83 83": [4, 10]}, {"83 83": [4, 11]}, {"83 83": [4, 12]}, {"83 83": [4, 13]}, {"83 83": [4, 14]}, {"83 83": [4, 15]}, {"83 83": [4, 16]}, {"83 83": [4, 17]}, {"83 83": [4, 18]}, {"83 83": [5, 0]}, {"83 83": [5, 1]}, {"83 83": [5, 2]}, {"83 83": [5, 3]}, {"83 83": [5, 4]}, {"83 83": [5, 5]}, {"83 83": [5, 6]}, {"83 83": [5, 7]}, {"83 83": [5, 8]}, {"83 83": [5, 9]}, {"83 83": [5, 10]}, {"83 83": [5, 11]}, {"83 83": [5, 12]}, {"83 83": [5, 13]}, {"83 83": [5, 14]}, {"83 83": [5, 15]}, {"83 83": [5, 16]}, {"83 83": [5, 17]}, {"83 83": [5, 18]}, {"83 83": [6, 0]}, {"83 83": [6, 1]}, {"83 83": [6, 2]}, {"83 83": [6, 3]}, {"83 83": [6, 4]}, {"83 83": [6, 5]}, {"83 83": [6, 6]}, {"83 83": [6, 7]}, {"83 83": [6, 8]}, {"83 83": [6, 9]}, {"83 83": [6, 10]}, {"83 83": [6, 11]}, {"83 83": [6, 12]}, {"83 83": [6, 13]}, {"83 83": [6, 14]}, {"83 83": [6, 15]}, {"83 83": [6, 16]}, {"83 83": [6, 17]}, {"83 83": [6, 18]}, {"83 83": [7, 0]}, {"83 83": [7, 1]}, {"83 83": [7, 2]}, {"83 83": [7, 3]}, {"83 83": [7, 4]}, {"83 83": [7, 5]}, {"83 83": [7, 6]}, {"83 83": [7, 7]}, {"83 83": [7, 8]}, {"83 83": [7, 9]}, {"83 83": [7, 10]}, {"83 83": [7, 11]}, {"83 83": [7, 12]}, {"83 83": [7, 13]}, {"83 83": [7, 14]}, {"83 83": [7, 15]}, {"83 83": [7, 16]}, {"83 83": [7, 17]}, {"83 83": [7, 18]}, {"83 83": [8, 0]}, {"83 83": [8, 1]}, {"83 83": [8, 2]}, {"83 83": [8, 3]}, {"83 83": [8, 4]}, {"83 83": [8, 5]}, {"83 83": [8, 6]}, {"83 83": [8, 7]}, {"83 83": [8, 8]}, {"83 83": [8, 9]}, {"83 83": [8, 10]}, {"83 83": [8, 11]}, {"83 83": [8, 12]}, {"83 83": [8, 13]}, {"83 83": [8, 14]}, {"83 83": [8, 15]}, {"83 83": [8, 16]}, {"83 83": [8, 17]}, {"83 83": [8, 18]}, {"83 83": [9, 0]}, {"83 83": [9, 1]}, {"83 83": [9, 2]}, {"83 83": [9, 3]}, {"83 83": [9, 4]}, {"83 83": [9, 5]}, {"83 83": [9, 6]}, {"83 83": [9, 7]}, {"83 83": [9, 8]}, {"83 83": [9, 9]}, {"83 83": [9, 10]}, {"83 83": [9, 11]}, {"83 83": [9, 12]}, {"83 83": [9, 13]}, {"83 83": [9, 14]}, {"83 83": [9, 15]}, {"83 83": [9, 16]}, {"83 83": [9, 17]}, {"83 83": [9, 18]}, {"83 83": [10, 0]}, {"83 83": [10, 1]}, {"83 83": [10, 2]}, {"83 83": [10, 3]}, {"83 83": [10, 4]}, {"83 83": [10, 5]}, {"83 83": [10, 6]}, {"83 83": [10, 7]}, {"83 83": [10, 8]}, {"83 83": [10, 9]}, {"83 83": [10, 10]}, {"83 83": [10, 11]}, {"83 83": [10, 12]}, {"83 83": [10, 13]}, {"83 83": [10, 14]}, {"83 83": [10, 15]}, {"83 83": [10, 16]}, {"83 83": [10, 17]}, {"83 83": [10, 18]}, {"83 83": [11, 0]}, {"83 83": [11, 1]}, {"83 83": [11, 2]}, {"83 83": [11, 3]}, {"83 83": [11, 4]}, {"83 83": [11, 5]}, {"83 83": [11, 6]}, {"83 83": [11, 7]}, {"83 83": [11, 8]}, {"83 83": [11, 9]}, {"83 83": [11, 10]}, {"83 83": [11, 11]}, {"83 83": [11, 12]}, {"83 83": [11, 13]}, {"83 83": [11, 14]}, {"83 83": [11, 15]}, {"83 83": [11, 16]}, {"83 83": [11, 17]}, {"83 83": [11, 18]}, {"83 83": [12, 0]}, {"83 83": [12, 1]}, {"83 83": [12, 2]}, {"83 83": [12, 3]}, {"83 83": [12, 4]}, {"83 83": [12, 5]}, {"83 83": [12, 6]}, {"83 83": [12, 7]}, {"83 83": [12, 8]}, {"83 83": [12, 9]}, {"83 83": [12, 10]}, {"83 83": [12, 11]}, {"83 83": [12, 12]}, {"83 83": [12, 13]}, {"83 83": [12, 14]}, {"83 83": [12, 15]}, {"83 83": [12, 16]}, {"83 83": [12, 17]}, {"83 83": [12, 18]}, {"83 83": [13, 0]}, {"83 83": [13, 1]}, {"83 83": [13, 2]}, {"83 83": [13, 3]}, {"83 83": [13, 4]}, {"83 83": [13, 5]}, {"83 83": [13, 6]}, {"83 83": [13, 7]}, {"83 83": [13, 8]}, {"83 83": [13, 9]}, {"83 83": [13, 10]}, {"83 83": [13, 11]}, {"83 83": [13, 12]}, {"83 83": [13, 13]}, {"83 83": [13, 14]}, {"83 83": [13, 15]}, {"83 83": [13, 16]}, {"83 83": [13, 17]}, {"83 83": [13, 18]}, {"83 83": [14, 0]}, {"83 83": [14, 1]}, {"83 83": [14, 2]}, {"83 83": [14, 3]}, {"83 83": [14, 4]}, {"83 83": [14, 5]}, {"83 83": [14, 6]}, {"83 83": [14, 7]}, {"83 83": [14, 8]}, {"83 83": [14, 9]}, {"83 83": [14, 10]}, {"83 83": [14, 11]}, {"83 83": [14, 12]}, {"83 83": [14, 13]}, {"83 83": [14, 14]}, {"83 83": [14, 15]}, {"83 83": [14, 16]}, {"83 83": [14, 17]}, {"83 83": [14, 18]}, {"83 83": [15, 0]}, {"83 83": [15, 1]}, {"83 83": [15, 2]}, {"83 83": [15, 3]}, {"83 83": [15, 4]}, {"83 83": [15, 5]}, {"83 83": [15, 6]}, {"83 83": [15, 7]}, {"83 83": [15, 8]}, {"83 83": [15, 9]}, {"83 83": [15, 10]}, {"83 83": [15, 11]}, {"83 83": [15, 12]}, {"83 83": [15, 13]}, {"83 83": [15, 14]}, {"83 83": [15, 15]}, {"83 83": [15, 16]}, {"83 83": [15, 17]}, {"83 83": [15, 18]}, {"83 83": [16, 0]}, {"83 83": [16, 1]}, {"83 83": [16, 2]}, {"83 83": [16, 3]}, {"83 83": [16, 4]}, {"83 83": [16, 5]}, {"83 83": [16, 6]}, {"83 83": [16, 7]}, {"83 83": [16, 8]}, {"83 83": [16, 9]}, {"83 83": [16, 10]}, {"83 83": [16, 11]}, {"83 83": [16, 12]}, {"83 83": [16, 13]}, {"83 83": [16, 14]}, {"83 83": [16, 15]}, {"83 83": [16, 16]}, {"83 83": [16, 17]}, {"83 83": [16, 18]}, {"83 83": [17, 0]}, {"83 83": [17, 1]}, {"83 83": [17, 2]}, {"83 83": [17, 3]}, {"83 83": [17, 4]}, {"83 83": [17, 5]}, {"83 83": [17, 6]}, {"83 83": [17, 7]}, {"83 83": [17, 8]}, {"83 83": [17, 9]}, {"83 83": [17, 10]}, {"83 83": [17, 11]}, {"83 83": [17, 12]}, {"83 83": [17, 13]}, {"83 83": [17, 14]}, {"83 83": [17, 15]}, {"83 83": [17, 16]}, {"83 83": [17, 17]}, {"83 83": [17, 18]}, {"83 83": [18, 0]}, {"83 83": [18, 1]}, {"83 83": [18, 2]}, {"83 83": [18, 3]}, {"83 83": [18, 4]}, {"83 83": [18, 5]}, {"83 83": [18, 6]}, {"83 83": [18, 7]}, {"83 83": [18, 8]}, {"83 83": [18, 9]}, {"83 83": [18, 10]}, {"83 83": [18, 11]}, {"83 83": [18, 12]}, {"83 83": [18, 13]}, {"83 83": [18, 14]}, {"83 83": [18, 15]}, {"83 83": [18, 16]}, {"83 83": [18, 17]}, {"83 83": [18, 18]}]
o_component=H
energy_component=summation
max_element=-1
statistics=False
normalizer=False
boxcox=False

[graph]
radius=-1.0
max_num_nbr=0
create_from_dft=True
if_lcmp_graph=True
separate_onsite=False
new_sp=False

[train]
epochs=1000
pretrained=
resume=
train_ratio=0.6
val_ratio=0.2
test_ratio=0.2
early_stopping_loss=0.0
early_stopping_loss_epoch=[0.000000, 500]
revert_then_decay=True
revert_threshold=30
revert_decay_epoch=[250, 2500]
revert_decay_gamma=[0.2, 0.5]
clip_grad=True
clip_grad_value=4.2
switch_sgd=False
switch_sgd_lr=1e-4
switch_sgd_epoch=-1

[hyperparameter]
batch_size=1
dtype=float32
optimizer=adam
learning_rate=0.001
lr_scheduler=
lr_milestones=[]
momentum=0.9
weight_decay=0
criterion=MaskMSELoss
retain_edge_fea=True
lambda_eij=0.0
lambda_ei=0.1
lambda_etot=0.0

[network]
atom_fea_len=64
edge_fea_len=128
gauss_stop=8.5
num_l=5
aggr=add
distance_expansion=GaussianBasis
if_exp=True
if_multiplelinear=False
if_edge_update=True
if_lcmp=True
normalization=LayerNorm
atom_update_net=CGConv
trainable_gaussians=False
type_affine=False

=> load best checkpoint (epoch 991)
=> Atomic types: [83], spinful: True, the number of atomic types: 1.
Load processed graph from /home/t.hsu/example2/work_dir/inference/5_4/graph.pkl

******* Finish 3.get_pred_Hamiltonian, cost 233 seconds


####### Begin 4.rotate_back

******* Finish 4.rotate_back, cost 73 seconds


####### Begin 5.sparse_calc

******* Finish 5.sparse_calc, cost 1233 seconds

Job completed at: Sat Jun 22 15:13:54 EDT 2024
